<?xml version="1.0" encoding="UTF-8"?>
<!-- Generated by org.testng.reporters.JUnitReportReporter -->
<testsuite skipped="0" hostname="LAPTOP-B82FKL5H" name="script.OrangeTC1" tests="1" failures="0" timestamp="26 Oct 2018 10:25:52 GMT" time="16.075" errors="0">
  <testcase name="testA" time="16.075" classname="script.OrangeTC1"/>
</testsuite> <!-- script.OrangeTC1 -->
